<?xml version="1.0" encoding="UTF-8"?>
<!-- Generated by org.testng.reporters.JUnitReportReporter -->
<testsuite hostname="LAPTOP-C9C6UIT0" failures="0" tests="3" name="pack.A" time="0.033" errors="0" timestamp="2022-05-18T22:53:16 IST" skipped="0">
  <testcase classname="pack.A" name="testB" time="0.004"/>
  <system-out/>
  <testcase classname="pack.A" name="testA" time="0.014"/>
  <system-out/>
  <testcase classname="pack.A" name="testC" time="0.015"/>
  <system-out/>
</testsuite> <!-- pack.A -->
