<?xml version="1.0" encoding="UTF-8"?>
<!-- Generated by org.testng.reporters.JUnitReportReporter -->
<testsuite hostname="LAPTOP-C9C6UIT0" failures="0" tests="1" name="testNGAssertions.SoftAssert" time="0.010" errors="0" timestamp="2022-05-21T00:50:17 IST" skipped="0">
  <testcase classname="testNGAssertions.SoftAssert" name="testC" time="0.010"/>
  <system-out/>
</testsuite> <!-- testNGAssertions.SoftAssert -->
