<?xml version="1.0" encoding="UTF-8"?>
<!-- Generated by org.testng.reporters.JUnitReportReporter -->
<testsuite hostname="LAPTOP-C9C6UIT0" failures="0" tests="3" name="KeywordsInTestNG.EnablesFalse" time="0.010" errors="0" timestamp="2022-05-18T23:42:41 IST" skipped="1">
  <testcase classname="KeywordsInTestNG.EnablesFalse" name="testC" time="0.003"/>
  <system-out/>
  <testcase classname="KeywordsInTestNG.EnablesFalse" name="testA" time="0.007"/>
  <system-out/>
  <testcase classname="KeywordsInTestNG.EnablesFalse" name="testB">
    <skipped/>
  </testcase> <!-- testB -->
  <system-out/>
</testsuite> <!-- KeywordsInTestNG.EnablesFalse -->
