<?xml version="1.0" encoding="UTF-8"?>
<!-- Generated by org.testng.reporters.JUnitReportReporter -->
<testsuite hostname="LAPTOP-C9C6UIT0" failures="0" tests="3" name="pack.TestClass2" time="0.013" errors="0" timestamp="2022-05-18T23:15:40 IST" skipped="0">
  <testcase classname="pack.TestClass2" name="testB" time="0.007"/>
  <system-out/>
  <testcase classname="pack.TestClass2" name="testA" time="0.003"/>
  <system-out/>
  <testcase classname="pack.TestClass2" name="testC" time="0.003"/>
  <system-out/>
</testsuite> <!-- pack.TestClass2 -->
