<?xml version="1.0" encoding="UTF-8"?>
<!-- Generated by org.testng.reporters.JUnitReportReporter -->
<testsuite hostname="LAPTOP-C9C6UIT0" failures="0" tests="5" name="KeywordsInTestNG.KeywordsInTestNG" time="15.044" errors="0" timestamp="2022-05-18T23:49:54 IST" skipped="0">
  <testcase classname="KeywordsInTestNG.KeywordsInTestNG" name="testC" time="0.004"/>
  <system-out/>
  <testcase classname="KeywordsInTestNG.KeywordsInTestNG" name="testA" time="0.007"/>
  <system-out/>
  <testcase classname="KeywordsInTestNG.KeywordsInTestNG" name="testB" time="5.010"/>
  <system-out/>
  <testcase classname="KeywordsInTestNG.KeywordsInTestNG" name="testB" time="5.011"/>
  <system-out/>
  <testcase classname="KeywordsInTestNG.KeywordsInTestNG" name="testB" time="5.012"/>
  <system-out/>
</testsuite> <!-- KeywordsInTestNG.KeywordsInTestNG -->
