<?xml version="1.0" encoding="UTF-8"?>
<!-- Generated by org.testng.reporters.JUnitReportReporter -->
<testsuite hostname="LAPTOP-C9C6UIT0" failures="0" tests="3" name="KeywordsInTestNG.DependsOnMethods" time="0.013" errors="0" timestamp="2022-05-18T23:39:42 IST" skipped="0">
  <testcase classname="KeywordsInTestNG.DependsOnMethods" name="testB" time="0.003"/>
  <system-out/>
  <testcase classname="KeywordsInTestNG.DependsOnMethods" name="testA" time="0.006"/>
  <system-out/>
  <testcase classname="KeywordsInTestNG.DependsOnMethods" name="testC" time="0.004"/>
  <system-out/>
</testsuite> <!-- KeywordsInTestNG.DependsOnMethods -->
