<?xml version="1.0" encoding="UTF-8"?>
<!-- Generated by org.testng.reporters.JUnitReportReporter -->
<testsuite hostname="LAPTOP-C9C6UIT0" failures="0" tests="5" name="KeywordsInTestNG.InvocationCount" time="0.020" errors="0" timestamp="2022-05-18T23:32:16 IST" skipped="0">
  <testcase classname="KeywordsInTestNG.InvocationCount" name="testC" time="0.001"/>
  <system-out/>
  <testcase classname="KeywordsInTestNG.InvocationCount" name="testB" time="0.002"/>
  <system-out/>
  <testcase classname="KeywordsInTestNG.InvocationCount" name="testB" time="0.004"/>
  <system-out/>
  <testcase classname="KeywordsInTestNG.InvocationCount" name="testA" time="0.008"/>
  <system-out/>
  <testcase classname="KeywordsInTestNG.InvocationCount" name="testB" time="0.005"/>
  <system-out/>
</testsuite> <!-- KeywordsInTestNG.InvocationCount -->
