<?xml version="1.0" encoding="UTF-8"?>
<!-- Generated by org.testng.reporters.JUnitReportReporter -->
<testsuite hostname="LAPTOP-C9C6UIT0" failures="0" tests="2" name="pack.TestClass" time="0.012" errors="0" timestamp="2022-05-18T23:01:38 IST" skipped="0">
  <testcase classname="pack.TestClass" name="testB" time="0.004"/>
  <system-out/>
  <testcase classname="pack.TestClass" name="testA" time="0.008"/>
  <system-out/>
</testsuite> <!-- pack.TestClass -->
