<?xml version="1.0" encoding="UTF-8"?>
<!-- Generated by org.testng.reporters.JUnitReportReporter -->
<testsuite hostname="LAPTOP-C9C6UIT0" failures="0" tests="3" name="KeywordsInTestNG.Priority" time="0.010" errors="0" timestamp="2022-05-18T23:22:35 IST" skipped="0">
  <testcase classname="KeywordsInTestNG.Priority" name="testB" time="0.005"/>
  <system-out/>
  <testcase classname="KeywordsInTestNG.Priority" name="testA" time="0.004"/>
  <system-out/>
  <testcase classname="KeywordsInTestNG.Priority" name="testC" time="0.001"/>
  <system-out/>
</testsuite> <!-- KeywordsInTestNG.Priority -->
