<?xml version="1.0" encoding="UTF-8"?>
<!-- Generated by org.testng.reporters.JUnitReportReporter -->
<testsuite hostname="LAPTOP-C9C6UIT0" failures="0" tests="3" name="pack.Alpha" time="0.035" errors="0" timestamp="2022-05-18T22:42:17 IST" skipped="0">
  <testcase classname="pack.Alpha" name="testB" time="0.010"/>
  <system-out/>
  <testcase classname="pack.Alpha" name="testA" time="0.017"/>
  <system-out/>
  <testcase classname="pack.Alpha" name="testC" time="0.008"/>
  <system-out/>
</testsuite> <!-- pack.Alpha -->
