<?xml version="1.0" encoding="UTF-8"?>
<!-- Generated by org.testng.reporters.JUnitReportReporter -->
<testsuite hostname="LAPTOP-C9C6UIT0" failures="0" tests="3" name="KeywordsInTestNG.TimeOut" time="3.162" errors="1" timestamp="2022-05-18T23:46:11 IST" skipped="0">
  <testcase classname="KeywordsInTestNG.TimeOut" name="testC" time="0.003"/>
  <system-out/>
  <testcase classname="KeywordsInTestNG.TimeOut" name="testB" time="3.153">
    <error message="Method KeywordsInTestNG.TimeOut.testB() didn&#039;t finish within the time-out 3000" type="org.testng.internal.thread.ThreadTimeoutException">
      <![CDATA[org.testng.internal.thread.ThreadTimeoutException: Method KeywordsInTestNG.TimeOut.testB() didn't finish within the time-out 3000
at java.base@17.0.2/java.lang.Thread.sleep(Native Method)
at app//KeywordsInTestNG.TimeOut.testB(TimeOut.java:26)
at java.base@17.0.2/jdk.internal.reflect.NativeMethodAccessorImpl.invoke0(Native Method)
at java.base@17.0.2/jdk.internal.reflect.NativeMethodAccessorImpl.invoke(NativeMethodAccessorImpl.java:77)
at java.base@17.0.2/jdk.internal.reflect.DelegatingMethodAccessorImpl.invoke(DelegatingMethodAccessorImpl.java:43)
at java.base@17.0.2/java.lang.reflect.Method.invoke(Method.java:568)
at app//org.testng.internal.invokers.MethodInvocationHelper.invokeMethod(MethodInvocationHelper.java:135)
at app//org.testng.internal.invokers.InvokeMethodRunnable.runOne(InvokeMethodRunnable.java:44)
at app//org.testng.internal.invokers.InvokeMethodRunnable.call(InvokeMethodRunnable.java:72)
at app//org.testng.internal.invokers.InvokeMethodRunnable.call(InvokeMethodRunnable.java:10)
at java.base@17.0.2/java.util.concurrent.FutureTask.run(FutureTask.java:264)
at java.base@17.0.2/java.util.concurrent.ThreadPoolExecutor.runWorker(ThreadPoolExecutor.java:1136)
at java.base@17.0.2/java.util.concurrent.ThreadPoolExecutor$Worker.run(ThreadPoolExecutor.java:635)
at java.base@17.0.2/java.lang.Thread.run(Thread.java:833)
]]>
    </error>
  </testcase> <!-- testB -->
  <system-out/>
  <testcase classname="KeywordsInTestNG.TimeOut" name="testA" time="0.006"/>
  <system-out/>
</testsuite> <!-- KeywordsInTestNG.TimeOut -->
