<?xml version="1.0" encoding="UTF-8"?>
<!-- Generated by org.testng.reporters.JUnitReportReporter -->
<testsuite hostname="LAPTOP-C9C6UIT0" failures="0" tests="3" name="TestNGAnnotations.TestNGAnnotations" time="0.037" errors="0" timestamp="2022-05-19T21:30:46 IST" skipped="0">
  <testcase classname="TestNGAnnotations.TestNGAnnotations" name="testB" time="0.017"/>
  <system-out/>
  <testcase classname="TestNGAnnotations.TestNGAnnotations" name="testA" time="0.014"/>
  <system-out/>
  <testcase classname="TestNGAnnotations.TestNGAnnotations" name="testC" time="0.006"/>
  <system-out/>
</testsuite> <!-- TestNGAnnotations.TestNGAnnotations -->
